<?xml version="1.0" encoding="UTF-8"?>
<!-- Generated by org.testng.reporters.JUnitReportReporter -->
<testsuite hostname="LIN59020000" failures="0" tests="4" name="com.cg.Test1" time="0.011" errors="0" timestamp="2022-02-08T16:13:28 IST" skipped="0">
  <testcase classname="com.cg.Test1" name="testMethod" time="0.000"/>
  <system-out/>
  <testcase classname="com.cg.Test1" name="testMethod" time="0.001"/>
  <system-out/>
  <testcase classname="com.cg.Test1" name="testMethod" time="0.001"/>
  <system-out/>
  <testcase classname="com.cg.Test1" name="testMethod" time="0.009"/>
  <system-out/>
</testsuite> <!-- com.cg.Test1 -->
